<?xml version="1.0" encoding="UTF-8"?>
<!-- Generated by org.testng.reporters.JUnitXMLReporter -->
<testsuite hostname="SUBIR" name="test" tests="18" failures="10" timestamp="17 Jul 2020 11:42:13 GMT" time="19.272" errors="0">
  <testcase name="CheckContentEncoding" time="0.015" classname="com.sdetProject.TestCases.TC001_GetAllEmployees"/>
  <testcase name="CheckContentLength" time="0.002" classname="com.sdetProject.TestCases.TC001_GetAllEmployees">
    <failure type="java.lang.NumberFormatException" message="null">
      <![CDATA[java.lang.NumberFormatException: null
	at java.lang.Integer.parseInt(Unknown Source)
	at java.lang.Integer.parseInt(Unknown Source)
	at com.sdetProject.TestCases.TC001_GetAllEmployees.CheckContentLength(TC001_GetAllEmployees.java:101)
... Removed 25 stack frames]]>
    </failure>
  </testcase> <!-- CheckContentLength -->
  <testcase name="CheckContentType" time="0.008" classname="com.sdetProject.TestCases.TC001_GetAllEmployees">
    <failure type="java.lang.AssertionError" message="expected [text/html; charset=UTF-8] but found [application/json; charset=utf-8]">
      <![CDATA[java.lang.AssertionError: expected [text/html; charset=UTF-8] but found [application/json; charset=utf-8]
	at com.sdetProject.TestCases.TC001_GetAllEmployees.CheckContentType(TC001_GetAllEmployees.java:74)
... Removed 31 stack frames]]>
    </failure>
  </testcase> <!-- CheckContentType -->
  <testcase name="CheckResponseBody" time="0.053" classname="com.sdetProject.TestCases.TC001_GetAllEmployees"/>
  <testcase name="CheckResponseTime" time="0.004" classname="com.sdetProject.TestCases.TC001_GetAllEmployees"/>
  <testcase name="CheckServerType" time="0.005" classname="com.sdetProject.TestCases.TC001_GetAllEmployees">
    <failure type="java.lang.AssertionError" message="expected [nginx/1.14.1] but found [cloudflare]">
      <![CDATA[java.lang.AssertionError: expected [nginx/1.14.1] but found [cloudflare]
	at com.sdetProject.TestCases.TC001_GetAllEmployees.CheckServerType(TC001_GetAllEmployees.java:83)
... Removed 31 stack frames]]>
    </failure>
  </testcase> <!-- CheckServerType -->
  <testcase name="CheckStatusCode" time="0.006" classname="com.sdetProject.TestCases.TC001_GetAllEmployees"/>
  <testcase name="CheckStatusLine" time="0.003" classname="com.sdetProject.TestCases.TC001_GetAllEmployees"/>
  <testcase name="CheckContentEncoding" time="0.003" classname="com.sdetProject.TestCases.TC002_Demo_POST">
    <failure type="java.lang.AssertionError" message="expected [gzip] but found [null]">
      <![CDATA[java.lang.AssertionError: expected [gzip] but found [null]
	at com.sdetProject.TestCases.TC002_Demo_POST.CheckContentEncoding(TC002_Demo_POST.java:106)
... Removed 31 stack frames]]>
    </failure>
  </testcase> <!-- CheckContentEncoding -->
  <testcase name="CheckContentLength" time="0.01" classname="com.sdetProject.TestCases.TC002_Demo_POST">
    <failure type="java.lang.AssertionError" message="expected [true] but found [false]">
      <![CDATA[java.lang.AssertionError: expected [true] but found [false]
	at com.sdetProject.TestCases.TC002_Demo_POST.CheckContentLength(TC002_Demo_POST.java:118)
... Removed 29 stack frames]]>
    </failure>
  </testcase> <!-- CheckContentLength -->
  <testcase name="CheckContentType" time="0.002" classname="com.sdetProject.TestCases.TC002_Demo_POST">
    <failure type="java.lang.AssertionError" message="expected [text/html; charset=UTF-8] but found [application/json; charset=utf-8]">
      <![CDATA[java.lang.AssertionError: expected [text/html; charset=UTF-8] but found [application/json; charset=utf-8]
	at com.sdetProject.TestCases.TC002_Demo_POST.CheckContentType(TC002_Demo_POST.java:88)
... Removed 31 stack frames]]>
    </failure>
  </testcase> <!-- CheckContentType -->
  <testcase name="CheckResponseBody" time="0.005" classname="com.sdetProject.TestCases.TC002_Demo_POST"/>
  <testcase name="CheckResponseTime" time="0.001" classname="com.sdetProject.TestCases.TC002_Demo_POST">
    <failure type="java.lang.AssertionError" message="expected [true] but found [false]">
      <![CDATA[java.lang.AssertionError: expected [true] but found [false]
	at com.sdetProject.TestCases.TC002_Demo_POST.CheckResponseTime(TC002_Demo_POST.java:70)
... Removed 29 stack frames]]>
    </failure>
  </testcase> <!-- CheckResponseTime -->
  <testcase name="CheckServerType" time="0.003" classname="com.sdetProject.TestCases.TC002_Demo_POST">
    <failure type="java.lang.AssertionError" message="expected [nginx/1.14.1] but found [cloudflare]">
      <![CDATA[java.lang.AssertionError: expected [nginx/1.14.1] but found [cloudflare]
	at com.sdetProject.TestCases.TC002_Demo_POST.CheckServerType(TC002_Demo_POST.java:97)
... Removed 31 stack frames]]>
    </failure>
  </testcase> <!-- CheckServerType -->
  <testcase name="CheckStatusCode" time="0.003" classname="com.sdetProject.TestCases.TC002_Demo_POST">
    <failure type="java.lang.AssertionError" message="expected [200] but found [201]">
      <![CDATA[java.lang.AssertionError: expected [200] but found [201]
	at com.sdetProject.TestCases.TC002_Demo_POST.CheckStatusCode(TC002_Demo_POST.java:56)
... Removed 31 stack frames]]>
    </failure>
  </testcase> <!-- CheckStatusCode -->
  <testcase name="CheckStatusLine" time="0.003" classname="com.sdetProject.TestCases.TC002_Demo_POST">
    <failure type="java.lang.AssertionError" message="expected [HTTP/1.1 200 OK] but found [HTTP/1.1 201 Created]">
      <![CDATA[java.lang.AssertionError: expected [HTTP/1.1 200 OK] but found [HTTP/1.1 201 Created]
	at com.sdetProject.TestCases.TC002_Demo_POST.CheckStatusLine(TC002_Demo_POST.java:79)
... Removed 31 stack frames]]>
    </failure>
  </testcase> <!-- CheckStatusLine -->
  <testcase name="CheckResponseBody" time="0.002" classname="com.sdetProject.TestCases.TC003_DemoDeleteRequest"/>
  <testcase name="CheckStatusCode" time="0.001" classname="com.sdetProject.TestCases.TC003_DemoDeleteRequest"/>
</testsuite> <!-- test -->
